Arguments: 
  /usr/local/Cellar/node/19.3.0/bin/node /usr/local/Cellar/yarn/1.22.19/libexec/bin/yarn.js add -D @faker-js/faker

PATH: 
  /usr/local/bin:/usr/bin:/bin:/usr/sbin:/sbin:/Library/Apple/usr/bin:/Users/baghajin/Library/Android/sdk/emulator:/Users/baghajin/Library/Android/sdk/tools:/Users/baghajin/Library/Android/sdk/tools/bin:/Users/baghajin/Library/Android/sdk/platform-tools:/Users/baghajin/Library/Android/sdk/emulator:/Users/baghajin/Library/Android/sdk/tools:/Users/baghajin/Library/Android/sdk/tools/bin:/Users/baghajin/Library/Android/sdk/platform-tools

Yarn version: 
  1.22.19

Node version: 
  19.3.0

Platform: 
  darwin x64

Trace: 
  Error: https://registry.yarnpkg.com/@faker-js: Request "https://registry.yarnpkg.com/@faker-js" returned a 405
      at params.callback [as _callback] (/usr/local/Cellar/yarn/1.22.19/libexec/lib/cli.js:66154:18)
      at self.callback (/usr/local/Cellar/yarn/1.22.19/libexec/lib/cli.js:140890:22)
      at Request.emit (node:events:513:28)
      at Request.<anonymous> (/usr/local/Cellar/yarn/1.22.19/libexec/lib/cli.js:141862:10)
      at Request.emit (node:events:513:28)
      at IncomingMessage.<anonymous> (/usr/local/Cellar/yarn/1.22.19/libexec/lib/cli.js:141784:12)
      at Object.onceWrapper (node:events:627:28)
      at IncomingMessage.emit (node:events:525:35)
      at endReadableNT (node:internal/streams/readable:1359:12)
      at process.processTicksAndRejections (node:internal/process/task_queues:82:21)

npm manifest: 
  {
    "name": "project",
    "version": "1.0.0",
    "license": "MIT",
    "type": "module",
    "devDependencies": {
      "rollup": "^3.9.0"
    },
    "dependencies": {
      "@faker-js": "^6.6.6"
    },
    "scripts": {
      "build": "rollup main.js --file bundle.js",
      "start": "node bundle.js"
    }
  }

yarn manifest: 
  No manifest

Lockfile: 
  # THIS IS AN AUTOGENERATED FILE. DO NOT EDIT THIS FILE DIRECTLY.
  # yarn lockfile v1
  
  
  faker@^6.6.6:
    version "6.6.6"
    resolved "https://registry.yarnpkg.com/faker/-/faker-6.6.6.tgz#e9529da0109dca4c7c5dbfeaadbd9234af943033"
    integrity sha512-9tCqYEDHI5RYFQigXFwF1hnCwcWCOJl/hmll0lr5D2Ljjb0o4wphb69wikeJDz5qCEzXCoPvG6ss5SDP6IfOdg==
  
  fsevents@~2.3.2:
    version "2.3.2"
    resolved "https://registry.yarnpkg.com/fsevents/-/fsevents-2.3.2.tgz#8a526f78b8fdf4623b709e0b975c52c24c02fd1a"
    integrity sha512-xiqMQR4xAeHTuB9uWm+fFRcIOgKBMiOBP+eXiyT7jsgVCq1bkVygt00oASowB7EdtpOHaaPgKt812P9ab+DDKA==
  
  rollup@^3.9.0:
    version "3.9.0"
    resolved "https://registry.yarnpkg.com/rollup/-/rollup-3.9.0.tgz#0ff7ab7cd71ce3a6ab140c5cf661f2b35eb6aab8"
    integrity sha512-nGGylpmblyjTpF4lEUPgmOw6OVxRvnI6Iuuh6Lz4O/X66cVOX1XJSsqP1YamxQ+mPuFE7qJxLFDSCk8rNv5dDw==
    optionalDependencies:
      fsevents "~2.3.2"
